[Mon Dec 12 21:16:34 BRT 2022] Logged into the system: adm
[Mon Dec 12 21:17:00 BRT 2022] Magazine added: mag
[Mon Dec 12 21:17:18 BRT 2022] Logged into the system: adm
[Mon Dec 12 21:20:18 BRT 2022] Logged into the system: adm
[Mon Dec 12 21:21:04 BRT 2022] Magazine added: 123123
[Mon Dec 12 21:21:34 BRT 2022] Logged into the system: adm
[Mon Dec 12 21:21:46 BRT 2022] Logged into the system: adm
[Mon Dec 12 21:22:00 BRT 2022] Logged into the system: adm
[Mon Dec 12 21:22:44 BRT 2022] Logged into the system: adm
[Mon Dec 12 21:22:53 BRT 2022] Logged into the system: adm
[Mon Dec 12 21:23:08 BRT 2022] Logged into the system: adm
[Mon Dec 12 21:23:16 BRT 2022] Logged into the system: adm
[Mon Dec 12 21:24:47 BRT 2022] Logged into the system: adm
[Mon Dec 12 21:24:54 BRT 2022] Logged into the system: adm
[Mon Dec 12 21:27:09 BRT 2022] Logged into the system: adm
[Mon Dec 12 21:27:37 BRT 2022] Logged into the system: adm
[Mon Dec 12 21:29:39 BRT 2022] Exception in {0}
[Mon Dec 12 21:29:39 BRT 2022] Exception in {0}
[Mon Dec 12 21:29:39 BRT 2022] Exception in {0}
[Mon Dec 12 21:29:39 BRT 2022] Exception in {0}
[Mon Dec 12 21:32:07 BRT 2022] Logged into the system: adm
[Mon Dec 12 21:32:18 BRT 2022] Exception in {0}
[Mon Dec 12 21:32:18 BRT 2022] Exception in {0}
[Mon Dec 12 21:32:18 BRT 2022] Exception in {0}
[Mon Dec 12 21:32:18 BRT 2022] Exception in {0}
[Mon Dec 12 21:36:09 BRT 2022] Logged into the system: adm
[Mon Dec 12 21:36:23 BRT 2022] Logged into the system: adm
[Mon Dec 12 21:51:12 BRT 2022] Logged into the system: adm
[Mon Dec 12 21:52:23 BRT 2022] Logged into the system: adm
[Mon Dec 12 21:52:37 BRT 2022] Logged into the system: adm
[Mon Dec 12 21:56:24 BRT 2022] Logged into the system: adm
[Mon Dec 12 21:56:27 BRT 2022] Showing magazines
[Mon Dec 12 21:56:43 BRT 2022] Logged into the system: adm
[Mon Dec 12 21:56:51 BRT 2022] Logged into the system: adm
[Mon Dec 12 21:56:56 BRT 2022] Error showing magazines
[Mon Dec 12 21:57:55 BRT 2022] Logged into the system: adm
[Mon Dec 12 21:58:08 BRT 2022] Error showing books
[Mon Dec 12 21:58:29 BRT 2022] Logged into the system: adm
[Mon Dec 12 21:58:32 BRT 2022] Error showing magazines
[Mon Dec 12 21:58:35 BRT 2022] Showing articles
[Mon Dec 12 21:58:38 BRT 2022] Showing magazines
[Mon Dec 12 22:02:45 BRT 2022] Logged into the system: adm
[Mon Dec 12 22:08:11 BRT 2022] Logged into the system: adm
[Mon Dec 12 22:08:17 BRT 2022] Showing magazines
[Mon Dec 12 22:08:30 BRT 2022] Showing magazines
[Mon Dec 12 22:08:40 BRT 2022] Logged into the system: adm
[Mon Dec 12 22:08:43 BRT 2022] Showing magazines
[Mon Dec 12 22:08:49 BRT 2022] Showing magazines
[Mon Dec 12 22:09:21 BRT 2022] Magazine added: 123
[Mon Dec 12 22:10:12 BRT 2022] Logged into the system: adm
[Mon Dec 12 22:10:17 BRT 2022] Showing books
[Mon Dec 12 22:11:27 BRT 2022] Logged into the system: adm
[Mon Dec 12 22:11:38 BRT 2022] Logged into the system: adm
